Conventional:2D
precision_train:0.266666666667
recall_train:1.0
f1score_train:0.421052631579
Contextual:3D
precision_test:0.255813953488
recall_test:1.0
f1score_test:0.407407407407
Comparativo:melhora
precision_melhora:-4.06976744186
recall_melhora:0.0
f1score_melhora:-3.24074074074
Conventional:2D
precision_train:0.25
recall_train:0.818181818182
f1score_train:0.382978723404
Contextual:3D
precision_test:0.25
recall_test:0.818181818182
f1score_test:0.382978723404
Comparativo:melhora
precision_melhora:0.0
recall_melhora:0.0
f1score_melhora:0.0
Conventional:2D
precision_train:0.186046511628
recall_train:1.0
f1score_train:0.313725490196
Contextual:3D
precision_test:0.166666666667
recall_test:1.0
f1score_test:0.285714285714
Comparativo:melhora
precision_melhora:-10.4166666667
recall_melhora:0.0
f1score_melhora:-8.92857142857
Conventional:2D
precision_train:0.148148148148
recall_train:0.4
f1score_train:0.216216216216
Contextual:3D
precision_test:0.153846153846
recall_test:0.4
f1score_test:0.222222222222
Comparativo:melhora
precision_melhora:3.84615384615
recall_melhora:0.0
f1score_melhora:2.77777777778
Conventional:2D
precision_train:0.122448979592
recall_train:1.0
f1score_train:0.218181818182
Contextual:3D
precision_test:0.125
recall_test:1.0
f1score_test:0.222222222222
Comparativo:melhora
precision_melhora:2.08333333333
recall_melhora:0.0
f1score_melhora:1.85185185185
Conventional:2D
precision_train:0.127659574468
recall_train:1.0
f1score_train:0.22641509434
Contextual:3D
precision_test:0.130434782609
recall_test:1.0
f1score_test:0.230769230769
Comparativo:melhora
precision_melhora:2.17391304348
recall_melhora:0.0
f1score_melhora:1.92307692308
Conventional:2D
precision_train:0.131578947368
recall_train:0.666666666667
f1score_train:0.21978021978
Contextual:3D
precision_test:0.131578947368
recall_test:0.666666666667
f1score_test:0.21978021978
Comparativo:melhora
precision_melhora:0.0
recall_melhora:-1.42108547152e-14
f1score_melhora:0.0
Conventional:2D
precision_train:0.1
recall_train:1.0
f1score_train:0.181818181818
Contextual:3D
precision_test:0.102040816327
recall_test:1.0
f1score_test:0.185185185185
Comparativo:melhora
precision_melhora:2.04081632653
recall_melhora:0.0
f1score_melhora:1.85185185185
Conventional:2D
precision_train:0.0888888888889
recall_train:1.0
f1score_train:0.163265306122
Contextual:3D
precision_test:0.0888888888889
recall_test:1.0
f1score_test:0.163265306122
Comparativo:melhora
precision_melhora:0.0
recall_melhora:0.0
f1score_melhora:0.0
Conventional:2D
precision_train:0.078431372549
recall_train:1.0
f1score_train:0.145454545455
Contextual:3D
precision_test:0.08
recall_test:1.0
f1score_test:0.148148148148
Comparativo:melhora
precision_melhora:2.0
recall_melhora:0.0
f1score_melhora:1.85185185185
Conventional:2D
precision_train:0.0588235294118
recall_train:1.0
f1score_train:0.111111111111
Contextual:3D
precision_test:0.063829787234
recall_test:1.0
f1score_test:0.12
Comparativo:melhora
precision_melhora:8.51063829787
recall_melhora:0.0
f1score_melhora:8.0
Conventional:2D
precision_train:0.0816326530612
recall_train:1.0
f1score_train:0.150943396226
Contextual:3D
precision_test:0.0833333333333
recall_test:1.0
f1score_test:0.153846153846
Comparativo:melhora
precision_melhora:2.08333333333
recall_melhora:0.0
f1score_melhora:1.92307692308
Conventional:2D
precision_train:0.0952380952381
recall_train:1.0
f1score_train:0.173913043478
Contextual:3D
precision_test:0.0975609756098
recall_test:1.0
f1score_test:0.177777777778
Comparativo:melhora
precision_melhora:2.43902439024
recall_melhora:0.0
f1score_melhora:2.22222222222
Conventional:2D
precision_train:0.108695652174
recall_train:1.0
f1score_train:0.196078431373
Contextual:3D
precision_test:0.125
recall_test:0.5
f1score_test:0.2
Comparativo:melhora
precision_melhora:15.0
recall_melhora:-50.0
f1score_melhora:2.0
Conventional:2D
precision_train:0.078431372549
recall_train:1.0
f1score_train:0.145454545455
Contextual:3D
precision_test:0.08
recall_test:1.0
f1score_test:0.148148148148
Comparativo:melhora
precision_melhora:2.0
recall_melhora:0.0
f1score_melhora:1.85185185185
Conventional:2D
precision_train:0.0851063829787
recall_train:1.0
f1score_train:0.156862745098
Contextual:3D
precision_test:0.0851063829787
recall_test:1.0
f1score_test:0.156862745098
Comparativo:melhora
precision_melhora:0.0
recall_melhora:0.0
f1score_melhora:0.0
Conventional:2D
precision_train:0.0833333333333
recall_train:1.0
f1score_train:0.153846153846
Contextual:3D
precision_test:0.0851063829787
recall_test:1.0
f1score_test:0.156862745098
Comparativo:melhora
precision_melhora:2.12765957447
recall_melhora:0.0
f1score_melhora:1.96078431373
Conventional:2D
precision_train:0.0566037735849
recall_train:1.0
f1score_train:0.107142857143
Contextual:3D
precision_test:0.0576923076923
recall_test:1.0
f1score_test:0.109090909091
Comparativo:melhora
precision_melhora:1.92307692308
recall_melhora:0.0
f1score_melhora:1.81818181818
Conventional:2D
precision_train:0.103448275862
recall_train:0.5
f1score_train:0.171428571429
Contextual:3D
precision_test:0.08
recall_test:0.5
f1score_test:0.137931034483
Comparativo:melhora
precision_melhora:-22.6666666667
recall_melhora:0.0
f1score_melhora:-19.5402298851
Conventional:2D
precision_train:0.0816326530612
recall_train:1.0
f1score_train:0.150943396226
Contextual:3D
precision_test:0.063829787234
recall_test:1.0
f1score_test:0.12
Comparativo:melhora
precision_melhora:-21.8085106383
recall_melhora:0.0
f1score_melhora:-20.5
Conventional:2D
precision_train:0.0416666666667
recall_train:0.666666666667
f1score_train:0.078431372549
Contextual:3D
precision_test:0.0425531914894
recall_test:0.666666666667
f1score_test:0.08
Comparativo:melhora
precision_melhora:2.12765957447
recall_melhora:-1.42108547152e-14
f1score_melhora:2.0
Conventional:2D
precision_train:0.0833333333333
recall_train:1.0
f1score_train:0.153846153846
Contextual:3D
precision_test:0.0851063829787
recall_test:1.0
f1score_test:0.156862745098
Comparativo:melhora
precision_melhora:2.12765957447
recall_melhora:0.0
f1score_melhora:1.96078431373
Conventional:2D
precision_train:0.0625
recall_train:1.0
f1score_train:0.117647058824
Contextual:3D
precision_test:0.0697674418605
recall_test:1.0
f1score_test:0.130434782609
Comparativo:melhora
precision_melhora:11.6279069767
recall_melhora:0.0
f1score_melhora:10.8695652174
Conventional:2D
precision_train:0.0588235294118
recall_train:1.0
f1score_train:0.111111111111
Contextual:3D
precision_test:0.06
recall_test:1.0
f1score_test:0.11320754717
Comparativo:melhora
precision_melhora:2.0
recall_melhora:0.0
f1score_melhora:1.88679245283
Conventional:2D
precision_train:0.0588235294118
recall_train:1.0
f1score_train:0.111111111111
Contextual:3D
precision_test:0.06
recall_test:1.0
f1score_test:0.11320754717
Comparativo:melhora
precision_melhora:2.0
recall_melhora:0.0
f1score_melhora:1.88679245283
Conventional:2D
precision_train:0.176470588235
recall_train:0.5
f1score_train:0.260869565217
Contextual:3D
precision_test:0.1875
recall_test:0.5
f1score_test:0.272727272727
Comparativo:melhora
precision_melhora:6.25
recall_melhora:0.0
f1score_melhora:4.54545454545
Conventional:2D
precision_train:0.0408163265306
recall_train:0.666666666667
f1score_train:0.0769230769231
Contextual:3D
precision_test:0.0416666666667
recall_test:0.666666666667
f1score_test:0.078431372549
Comparativo:melhora
precision_melhora:2.08333333333
recall_melhora:-1.42108547152e-14
f1score_melhora:1.96078431373
Conventional:2D
precision_train:0.15
recall_train:1.0
f1score_train:0.260869565217
Contextual:3D
precision_test:0.0588235294118
recall_test:0.0
f1score_test:0.0
Comparativo:melhora
precision_melhora:-60.7843137255
recall_melhora:-100.0
f1score_melhora:-100.0
Conventional:2D
precision_train:0.0666666666667
recall_train:1.0
f1score_train:0.125
Contextual:3D
precision_test:0.0697674418605
recall_test:1.0
f1score_test:0.130434782609
Comparativo:melhora
precision_melhora:4.6511627907
recall_melhora:0.0
f1score_melhora:4.34782608696
Conventional:2D
precision_train:0.0588235294118
recall_train:1.0
f1score_train:0.111111111111
Contextual:3D
precision_test:0.06
recall_test:1.0
f1score_test:0.11320754717
Comparativo:melhora
precision_melhora:2.0
recall_melhora:0.0
f1score_melhora:1.88679245283
Conventional:2D
precision_train:0.166666666667
recall_train:1.0
f1score_train:0.285714285714
Contextual:3D
precision_test:0.130434782609
recall_test:1.0
f1score_test:0.230769230769
Comparativo:melhora
precision_melhora:-21.7391304348
recall_melhora:0.0
f1score_melhora:-19.2307692308
Conventional:2D
precision_train:0.0566037735849
recall_train:1.0
f1score_train:0.107142857143
Contextual:3D
precision_test:0.0576923076923
recall_test:1.0
f1score_test:0.109090909091
Comparativo:melhora
precision_melhora:1.92307692308
recall_melhora:0.0
f1score_melhora:1.81818181818
Conventional:2D
precision_train:0.0882352941176
recall_train:1.0
f1score_train:0.162162162162
Contextual:3D
precision_test:0.0909090909091
recall_test:1.0
f1score_test:0.166666666667
Comparativo:melhora
precision_melhora:3.0303030303
recall_melhora:0.0
f1score_melhora:2.77777777778
Conventional:2D
precision_train:0.0606060606061
recall_train:1.0
f1score_train:0.114285714286
Contextual:3D
precision_test:0.0625
recall_test:1.0
f1score_test:0.117647058824
Comparativo:melhora
precision_melhora:3.125
recall_melhora:0.0
f1score_melhora:2.94117647059
Conventional:2D
precision_train:0.075
recall_train:1.0
f1score_train:0.139534883721
Contextual:3D
precision_test:0.0769230769231
recall_test:1.0
f1score_test:0.142857142857
Comparativo:melhora
precision_melhora:2.5641025641
recall_melhora:0.0
f1score_melhora:2.38095238095
Conventional:2D
precision_train:0.0697674418605
recall_train:1.0
f1score_train:0.130434782609
Contextual:3D
precision_test:0.0714285714286
recall_test:1.0
f1score_test:0.133333333333
Comparativo:melhora
precision_melhora:2.38095238095
recall_melhora:0.0
f1score_melhora:2.22222222222
Conventional:2D
precision_train:0.0588235294118
recall_train:1.0
f1score_train:0.111111111111
Contextual:3D
precision_test:0.06
recall_test:1.0
f1score_test:0.11320754717
Comparativo:melhora
precision_melhora:2.0
recall_melhora:0.0
f1score_melhora:1.88679245283
Conventional:2D
precision_train:0.0833333333333
recall_train:1.0
f1score_train:0.153846153846
Contextual:3D
precision_test:0.0857142857143
recall_test:1.0
f1score_test:0.157894736842
Comparativo:melhora
precision_melhora:2.85714285714
recall_melhora:0.0
f1score_melhora:2.63157894737
